<?xml version="1.0" encoding="UTF-8"?>
<!-- Generated by org.testng.reporters.JUnitReportReporter -->
<testsuite hostname="DESKTOP-8IIUQGE" failures="0" tests="1" name="Actual.vtigerTC.CreateOrganizationTest" time="28.967" errors="0" timestamp="2024-04-27T11:43:40 IST" skipped="0">
  <testcase classname="Actual.vtigerTC.CreateOrganizationTest" name="createorg" time="28.967"/>
  <system-out/>
</testsuite> <!-- Actual.vtigerTC.CreateOrganizationTest -->
